Drill report for keyboard.kicad_pcb
Created on 2025-01-12T17:23:43+1100

Copper Layer Stackup:
    =============================================================
    L1 :  F.Cu                      front
    L2 :  In1.Cu-+5V                in1
    L3 :  In2.Cu-GND                in2
    L4 :  B.Cu                      back


Drill file 'keyboard-PTH.drl' contains
    plated through holes:
    =============================================================
    T1  0.400mm  0.0157"  (320 holes)
    T2  0.600mm  0.0236"  (4 holes)  (with 4 slots)
    T3  1.100mm  0.0433"  (4 holes)
    T4  3.000mm  0.1181"  (1 hole)

    Total plated holes count 329


Drill file 'keyboard-in1-back.drl' contains
    holes connecting layer pair: 'In1.Cu-+5V and B.Cu' (blind vias):
    =============================================================
    T1  0.400mm  0.0157"  (2 holes)

    Total plated holes count 2


Drill file 'keyboard-in2-back.drl' contains
    holes connecting layer pair: 'In2.Cu-GND and B.Cu' (blind vias):
    =============================================================
    T1  0.400mm  0.0157"  (1 hole)

    Total plated holes count 1


Drill file 'keyboard-NPTH.drl' contains
    unplated through holes:
    =============================================================
    T1  0.650mm  0.0256"  (2 holes)
    T2  1.750mm  0.0689"  (182 holes)
    T3  3.000mm  0.1181"  (182 holes)
    T4  3.048mm  0.1200"  (12 holes)
    T5  3.988mm  0.1570"  (103 holes)

    Total unplated holes count 481
